2021-05-14 13:59:37,791 INFO  [org.jboss.modules] (main) JBoss Modules version 1.10.2.Final
2021-05-14 13:59:39,461 INFO  [org.jboss.msc] (main) JBoss MSC version 1.4.12.Final
2021-05-14 13:59:39,485 INFO  [org.jboss.threads] (main) JBoss Threads version 2.4.0.Final
2021-05-14 13:59:39,912 INFO  [org.jboss.as] (MSC service thread 1-2) WFLYSRV0049: WildFly Full 21.0.1.Final (WildFly Core 13.0.3.Final) starting
2021-05-14 13:59:39,918 DEBUG [org.jboss.as.config] (MSC service thread 1-2) Configured system properties:
	[Standalone] = 
	awt.toolkit = sun.awt.X11.XToolkit
	file.encoding = UTF-8
	file.separator = /
	java.awt.graphicsenv = sun.awt.X11GraphicsEnvironment
	java.awt.headless = true
	java.awt.printerjob = sun.print.PSPrinterJob
	java.class.path = /mnt/c/Users/silas/Documents/Studium/8.Semester/bsc_thesis/thesis/project/testprojects/wildfly-setup/wildfly-21.0.1.Final/jboss-modules.jar
	java.class.version = 55.0
	java.home = /usr/lib/jvm/java-11-openjdk-amd64
	java.io.tmpdir = /tmp
	java.library.path = /usr/java/packages/lib:/usr/lib/x86_64-linux-gnu/jni:/lib/x86_64-linux-gnu:/usr/lib/x86_64-linux-gnu:/usr/lib/jni:/lib:/usr/lib
	java.net.preferIPv4Stack = true
	java.runtime.name = OpenJDK Runtime Environment
	java.runtime.version = 11.0.11-ea+4-post-Debian-1
	java.specification.name = Java Platform API Specification
	java.specification.vendor = Oracle Corporation
	java.specification.version = 11
	java.util.logging.manager = org.jboss.logmanager.LogManager
	java.vendor = Debian
	java.vendor.url = https://tracker.debian.org/openjdk-11
	java.vendor.url.bug = https://bugs.debian.org/openjdk-11
	java.version = 11.0.11-ea
	java.version.date = 2021-04-20
	java.vm.compressedOopsMode = 32-bit
	java.vm.info = mixed mode, sharing
	java.vm.name = OpenJDK 64-Bit Server VM
	java.vm.specification.name = Java Virtual Machine Specification
	java.vm.specification.vendor = Oracle Corporation
	java.vm.specification.version = 11
	java.vm.vendor = Debian
	java.vm.version = 11.0.11-ea+4-post-Debian-1
	javax.management.builder.initial = org.jboss.as.jmx.PluggableMBeanServerBuilder
	jboss.home.dir = /mnt/c/Users/silas/Documents/Studium/8.Semester/bsc_thesis/thesis/project/testprojects/wildfly-setup/wildfly-21.0.1.Final
	jboss.host.name = laptop-f5n4u7fa
	jboss.modules.dir = /mnt/c/Users/silas/Documents/Studium/8.Semester/bsc_thesis/thesis/project/testprojects/wildfly-setup/wildfly-21.0.1.Final/modules
	jboss.modules.system.pkgs = org.jboss.byteman
	jboss.node.name = laptop-f5n4u7fa
	jboss.qualified.host.name = laptop-f5n4u7fa
	jboss.server.base.dir = /mnt/c/Users/silas/Documents/Studium/8.Semester/bsc_thesis/thesis/project/testprojects/wildfly-setup/wildfly-21.0.1.Final/standalone
	jboss.server.config.dir = /mnt/c/Users/silas/Documents/Studium/8.Semester/bsc_thesis/thesis/project/testprojects/wildfly-setup/wildfly-21.0.1.Final/standalone/configuration
	jboss.server.data.dir = /mnt/c/Users/silas/Documents/Studium/8.Semester/bsc_thesis/thesis/project/testprojects/wildfly-setup/wildfly-21.0.1.Final/standalone/data
	jboss.server.deploy.dir = /mnt/c/Users/silas/Documents/Studium/8.Semester/bsc_thesis/thesis/project/testprojects/wildfly-setup/wildfly-21.0.1.Final/standalone/data/content
	jboss.server.log.dir = /mnt/c/Users/silas/Documents/Studium/8.Semester/bsc_thesis/thesis/project/testprojects/wildfly-setup/wildfly-21.0.1.Final/standalone/log
	jboss.server.name = laptop-f5n4u7fa
	jboss.server.persist.config = true
	jboss.server.temp.dir = /mnt/c/Users/silas/Documents/Studium/8.Semester/bsc_thesis/thesis/project/testprojects/wildfly-setup/wildfly-21.0.1.Final/standalone/tmp
	jdk.debug = release
	line.separator = 

	logging.configuration = file:/mnt/c/Users/silas/Documents/Studium/8.Semester/bsc_thesis/thesis/project/testprojects/wildfly-setup/wildfly-21.0.1.Final/standalone/configuration/logging.properties
	module.path = /mnt/c/Users/silas/Documents/Studium/8.Semester/bsc_thesis/thesis/project/testprojects/wildfly-setup/wildfly-21.0.1.Final/modules
	org.jboss.boot.log.file = /mnt/c/Users/silas/Documents/Studium/8.Semester/bsc_thesis/thesis/project/testprojects/wildfly-setup/wildfly-21.0.1.Final/standalone/log/server.log
	org.jboss.resolver.warning = true
	os.arch = amd64
	os.name = Linux
	os.version = 4.19.128-microsoft-standard
	path.separator = :
	sun.arch.data.model = 64
	sun.boot.library.path = /usr/lib/jvm/java-11-openjdk-amd64/lib
	sun.cpu.endian = little
	sun.cpu.isalist = 
	sun.io.unicode.encoding = UnicodeLittle
	sun.java.command = /mnt/c/Users/silas/Documents/Studium/8.Semester/bsc_thesis/thesis/project/testprojects/wildfly-setup/wildfly-21.0.1.Final/jboss-modules.jar -mp /mnt/c/Users/silas/Documents/Studium/8.Semester/bsc_thesis/thesis/project/testprojects/wildfly-setup/wildfly-21.0.1.Final/modules org.jboss.as.standalone -Djboss.home.dir=/mnt/c/Users/silas/Documents/Studium/8.Semester/bsc_thesis/thesis/project/testprojects/wildfly-setup/wildfly-21.0.1.Final -Djboss.server.base.dir=/mnt/c/Users/silas/Documents/Studium/8.Semester/bsc_thesis/thesis/project/testprojects/wildfly-setup/wildfly-21.0.1.Final/standalone -c standalone-full.xml
	sun.java.launcher = SUN_STANDARD
	sun.jnu.encoding = UTF-8
	sun.management.compiler = HotSpot 64-Bit Tiered Compilers
	sun.os.patch.level = unknown
	user.country = US
	user.dir = /mnt/c/Users/silas/Documents/Studium/8.Semester/bsc_thesis/thesis/project/testprojects/wildfly-setup/wildfly-21.0.1.Final/bin
	user.home = /home/hoffmann
	user.language = en
	user.name = hoffmann
	user.timezone = Europe/Berlin
2021-05-14 13:59:39,924 DEBUG [org.jboss.as.config] (MSC service thread 1-2) VM Arguments: -D[Standalone] -Xms64m -Xmx512m -XX:MetaspaceSize=96M -XX:MaxMetaspaceSize=256m -Djava.net.preferIPv4Stack=true -Djboss.modules.system.pkgs=org.jboss.byteman -Djava.awt.headless=true --add-exports=java.base/sun.nio.ch=ALL-UNNAMED --add-exports=jdk.unsupported/sun.misc=ALL-UNNAMED --add-exports=jdk.unsupported/sun.reflect=ALL-UNNAMED -Dorg.jboss.boot.log.file=/mnt/c/Users/silas/Documents/Studium/8.Semester/bsc_thesis/thesis/project/testprojects/wildfly-setup/wildfly-21.0.1.Final/standalone/log/server.log -Dlogging.configuration=file:/mnt/c/Users/silas/Documents/Studium/8.Semester/bsc_thesis/thesis/project/testprojects/wildfly-setup/wildfly-21.0.1.Final/standalone/configuration/logging.properties 
2021-05-14 13:59:42,778 INFO  [org.wildfly.security] (ServerService Thread Pool -- 29) ELY00001: WildFly Elytron version 1.13.1.Final
2021-05-14 13:59:44,559 INFO  [org.jboss.as.controller.management-deprecated] (Controller Boot Thread) WFLYCTL0028: Attribute 'security-realm' in the resource at address '/core-service=management/management-interface=http-interface' is deprecated, and may be removed in a future version. See the attribute description in the output of the read-resource-description operation to learn more about the deprecation.
2021-05-14 13:59:44,612 INFO  [org.jboss.as.controller.management-deprecated] (ServerService Thread Pool -- 23) WFLYCTL0028: Attribute 'security-realm' in the resource at address '/subsystem=undertow/server=default-server/https-listener=https' is deprecated, and may be removed in a future version. See the attribute description in the output of the read-resource-description operation to learn more about the deprecation.
2021-05-14 13:59:45,608 INFO  [org.jboss.as.repository] (ServerService Thread Pool -- 27) WFLYDR0001: Content added at location /mnt/c/Users/silas/Documents/Studium/8.Semester/bsc_thesis/thesis/project/testprojects/wildfly-setup/wildfly-21.0.1.Final/standalone/data/content/7d/603b60140f65dc2866d73dfddb5b302246e967/content
2021-05-14 13:59:45,677 INFO  [org.jboss.as.server] (Controller Boot Thread) WFLYSRV0039: Creating http management service using socket-binding (management-http)
2021-05-14 13:59:45,720 INFO  [org.xnio] (MSC service thread 1-5) XNIO version 3.8.2.Final
2021-05-14 13:59:45,747 INFO  [org.xnio.nio] (MSC service thread 1-5) XNIO NIO Implementation Version 3.8.2.Final
2021-05-14 13:59:45,829 INFO  [org.jboss.as.clustering.infinispan] (ServerService Thread Pool -- 56) WFLYCLINF0001: Activating Infinispan subsystem.
2021-05-14 13:59:45,840 INFO  [org.wildfly.extension.microprofile.config.smallrye._private] (ServerService Thread Pool -- 67) WFLYCONF0001: Activating WildFly MicroProfile Config Subsystem
2021-05-14 13:59:45,847 INFO  [org.wildfly.extension.microprofile.jwt.smallrye._private] (ServerService Thread Pool -- 69) WFLYJWT0001: Activating WildFly MicroProfile JWT Subsystem
2021-05-14 13:59:45,848 INFO  [org.wildfly.extension.io] (ServerService Thread Pool -- 57) WFLYIO001: Worker 'default' has auto-configured to 16 IO threads with 128 max task threads based on your 8 available processors
2021-05-14 13:59:45,879 INFO  [org.jboss.as.security] (ServerService Thread Pool -- 78) WFLYSEC0002: Activating Security Subsystem
2021-05-14 13:59:45,880 WARN  [org.jboss.as.txn] (ServerService Thread Pool -- 80) WFLYTX0013: The node-identifier attribute on the /subsystem=transactions is set to the default value. This is a danger for environments running multiple servers. Please make sure the attribute value is unique.
2021-05-14 13:59:45,893 INFO  [org.jboss.as.naming] (ServerService Thread Pool -- 72) WFLYNAM0001: Activating Naming Subsystem
2021-05-14 13:59:45,911 INFO  [org.wildfly.iiop.openjdk] (ServerService Thread Pool -- 55) WFLYIIOP0001: Activating IIOP Subsystem
2021-05-14 13:59:45,931 INFO  [org.jboss.as.security] (MSC service thread 1-8) WFLYSEC0001: Current PicketBox version=5.0.3.Final-redhat-00006
2021-05-14 13:59:45,937 INFO  [org.wildfly.extension.microprofile.opentracing] (ServerService Thread Pool -- 71) WFLYTRACEXT0001: Activating MicroProfile OpenTracing Subsystem
2021-05-14 13:59:45,939 INFO  [org.wildfly.extension.microprofile.metrics.smallrye] (ServerService Thread Pool -- 70) WFLYMETRICS0001: Activating Eclipse MicroProfile Metrics Subsystem
2021-05-14 13:59:45,936 INFO  [org.jboss.as.webservices] (ServerService Thread Pool -- 82) WFLYWS0002: Activating WebServices Extension
2021-05-14 13:59:46,000 INFO  [org.wildfly.extension.microprofile.health.smallrye] (ServerService Thread Pool -- 68) WFLYHEALTH0001: Activating Eclipse MicroProfile Health Subsystem
2021-05-14 13:59:46,033 INFO  [org.jboss.as.jsf] (ServerService Thread Pool -- 63) WFLYJSF0007: Activated the following JSF Implementations: [main]
2021-05-14 13:59:46,054 INFO  [org.jboss.as.connector] (MSC service thread 1-4) WFLYJCA0009: Starting JCA Subsystem (WildFly/IronJacamar 1.4.23.Final)
2021-05-14 13:59:46,180 INFO  [org.jboss.remoting] (MSC service thread 1-7) JBoss Remoting version 5.0.19.Final
2021-05-14 13:59:46,224 INFO  [org.wildfly.extension.undertow] (MSC service thread 1-6) WFLYUT0003: Undertow 2.2.2.Final starting
2021-05-14 13:59:46,311 INFO  [org.jboss.as.connector.subsystems.datasources] (ServerService Thread Pool -- 47) WFLYJCA0004: Deploying JDBC-compliant driver class org.h2.Driver (version 1.4)
2021-05-14 13:59:46,375 INFO  [org.jboss.as.jaxrs] (ServerService Thread Pool -- 58) WFLYRS0016: RESTEasy version 3.13.2.Final
2021-05-14 13:59:46,378 INFO  [org.jboss.as.naming] (MSC service thread 1-1) WFLYNAM0003: Starting Naming Service
2021-05-14 13:59:46,399 INFO  [org.jboss.as.connector.deployers.jdbc] (MSC service thread 1-6) WFLYJCA0018: Started Driver service with driver-name = h2
2021-05-14 13:59:46,433 INFO  [org.jboss.as.mail.extension] (MSC service thread 1-6) WFLYMAIL0001: Bound mail session [java:jboss/mail/Default]
2021-05-14 13:59:46,804 INFO  [org.wildfly.extension.undertow] (ServerService Thread Pool -- 81) WFLYUT0014: Creating file handler for path '/mnt/c/Users/silas/Documents/Studium/8.Semester/bsc_thesis/thesis/project/testprojects/wildfly-setup/wildfly-21.0.1.Final/welcome-content' with options [directory-listing: 'false', follow-symlink: 'false', case-sensitive: 'true', safe-symlink-paths: '[]']
2021-05-14 13:59:46,904 INFO  [org.jboss.as.ejb3] (MSC service thread 1-3) WFLYEJB0482: Strict pool mdb-strict-max-pool is using a max instance size of 32 (per class), which is derived from the number of CPUs on this host.
2021-05-14 13:59:46,904 INFO  [org.jboss.as.ejb3] (MSC service thread 1-6) WFLYEJB0481: Strict pool slsb-strict-max-pool is using a max instance size of 128 (per class), which is derived from thread worker pool sizing.
2021-05-14 13:59:46,981 INFO  [org.wildfly.extension.undertow] (MSC service thread 1-6) WFLYUT0012: Started server default-server.
2021-05-14 13:59:47,006 INFO  [org.wildfly.extension.undertow] (MSC service thread 1-1) WFLYUT0018: Host default-host starting
2021-05-14 13:59:47,245 INFO  [org.wildfly.extension.undertow] (MSC service thread 1-7) WFLYUT0006: Undertow HTTP listener default listening on 127.0.0.1:8080
2021-05-14 13:59:47,548 INFO  [org.jboss.as.ejb3] (MSC service thread 1-3) WFLYEJB0493: EJB subsystem suspension complete
2021-05-14 13:59:47,749 INFO  [org.jboss.as.connector.subsystems.datasources] (MSC service thread 1-6) WFLYJCA0001: Bound data source [java:jboss/datasources/ExampleDS]
2021-05-14 13:59:47,856 INFO  [org.wildfly.iiop.openjdk] (MSC service thread 1-2) WFLYIIOP0009: CORBA ORB Service started
2021-05-14 13:59:48,566 INFO  [org.jboss.as.patching] (MSC service thread 1-3) WFLYPAT0050: WildFly Full cumulative patch ID is: base, one-off patches include: none
2021-05-14 13:59:48,579 WARN  [org.jboss.as.domain.management.security] (MSC service thread 1-6) WFLYDM0111: Keystore /mnt/c/Users/silas/Documents/Studium/8.Semester/bsc_thesis/thesis/project/testprojects/wildfly-setup/wildfly-21.0.1.Final/standalone/configuration/application.keystore not found, it will be auto generated on first use with a self signed certificate for host localhost
2021-05-14 13:59:48,608 INFO  [org.jboss.as.server.deployment.scanner] (MSC service thread 1-8) WFLYDS0013: Started FileSystemDeploymentService for directory /mnt/c/Users/silas/Documents/Studium/8.Semester/bsc_thesis/thesis/project/testprojects/wildfly-setup/wildfly-21.0.1.Final/standalone/deployments
2021-05-14 13:59:48,611 INFO  [org.wildfly.extension.messaging-activemq] (MSC service thread 1-7) WFLYMSGAMQ0075: AIO wasn't located on this platform, it will fall back to using pure Java NIO. Your platform is Linux, install LibAIO to enable the AIO journal and achieve optimal performance.
2021-05-14 13:59:48,669 INFO  [org.jboss.as.server.deployment] (MSC service thread 1-6) WFLYSRV0027: Starting deployment of "activemq-rar-5.15.13.rar" (runtime-name: "activemq-rar-5.15.13.rar")
2021-05-14 13:59:48,900 INFO  [org.wildfly.extension.undertow] (MSC service thread 1-5) WFLYUT0006: Undertow HTTPS listener https listening on 127.0.0.1:8443
2021-05-14 13:59:49,023 INFO  [org.apache.activemq.artemis.core.server] (ServerService Thread Pool -- 84) AMQ221000: live Message Broker is starting with configuration Broker Configuration (clustered=false,journalDirectory=/mnt/c/Users/silas/Documents/Studium/8.Semester/bsc_thesis/thesis/project/testprojects/wildfly-setup/wildfly-21.0.1.Final/standalone/data/activemq/journal,bindingsDirectory=/mnt/c/Users/silas/Documents/Studium/8.Semester/bsc_thesis/thesis/project/testprojects/wildfly-setup/wildfly-21.0.1.Final/standalone/data/activemq/bindings,largeMessagesDirectory=/mnt/c/Users/silas/Documents/Studium/8.Semester/bsc_thesis/thesis/project/testprojects/wildfly-setup/wildfly-21.0.1.Final/standalone/data/activemq/largemessages,pagingDirectory=/mnt/c/Users/silas/Documents/Studium/8.Semester/bsc_thesis/thesis/project/testprojects/wildfly-setup/wildfly-21.0.1.Final/standalone/data/activemq/paging)
2021-05-14 13:59:49,132 INFO  [org.apache.activemq.artemis.core.server] (ServerService Thread Pool -- 84) AMQ221013: Using NIO Journal
2021-05-14 13:59:49,355 INFO  [org.jboss.ws.common.management] (MSC service thread 1-3) JBWS022052: Starting JBossWS 5.4.2.Final (Apache CXF 3.3.7) 
2021-05-14 13:59:49,363 INFO  [org.apache.activemq.artemis.core.server] (ServerService Thread Pool -- 84) AMQ221043: Protocol module found: [artemis-server]. Adding protocol support for: CORE
2021-05-14 13:59:49,366 INFO  [org.apache.activemq.artemis.core.server] (ServerService Thread Pool -- 84) AMQ221043: Protocol module found: [artemis-amqp-protocol]. Adding protocol support for: AMQP
2021-05-14 13:59:49,370 INFO  [org.apache.activemq.artemis.core.server] (ServerService Thread Pool -- 84) AMQ221043: Protocol module found: [artemis-hornetq-protocol]. Adding protocol support for: HORNETQ
2021-05-14 13:59:49,373 INFO  [org.apache.activemq.artemis.core.server] (ServerService Thread Pool -- 84) AMQ221043: Protocol module found: [artemis-stomp-protocol]. Adding protocol support for: STOMP
2021-05-14 13:59:49,479 INFO  [org.apache.activemq.artemis.core.server] (ServerService Thread Pool -- 84) AMQ221034: Waiting indefinitely to obtain live lock
2021-05-14 13:59:49,482 INFO  [org.apache.activemq.artemis.core.server] (ServerService Thread Pool -- 84) AMQ221035: Live Server Obtained live lock
2021-05-14 13:59:51,036 INFO  [org.apache.activemq.artemis.core.server] (ServerService Thread Pool -- 84) AMQ221003: Deploying ANYCAST queue jms.queue.ExpiryQueue on address jms.queue.ExpiryQueue
2021-05-14 13:59:51,317 INFO  [org.apache.activemq.artemis.core.server] (ServerService Thread Pool -- 84) AMQ221003: Deploying ANYCAST queue jms.queue.DLQ on address jms.queue.DLQ
2021-05-14 13:59:51,338 INFO  [org.wildfly.extension.messaging-activemq] (MSC service thread 1-7) WFLYMSGAMQ0016: Registered HTTP upgrade for activemq-remoting protocol handled by http-acceptor-throughput acceptor
2021-05-14 13:59:51,338 INFO  [org.wildfly.extension.messaging-activemq] (MSC service thread 1-3) WFLYMSGAMQ0016: Registered HTTP upgrade for activemq-remoting protocol handled by http-acceptor-throughput acceptor
2021-05-14 13:59:51,338 INFO  [org.wildfly.extension.messaging-activemq] (MSC service thread 1-6) WFLYMSGAMQ0016: Registered HTTP upgrade for activemq-remoting protocol handled by http-acceptor acceptor
2021-05-14 13:59:51,338 INFO  [org.wildfly.extension.messaging-activemq] (MSC service thread 1-5) WFLYMSGAMQ0016: Registered HTTP upgrade for activemq-remoting protocol handled by http-acceptor acceptor
2021-05-14 13:59:51,926 INFO  [org.apache.activemq.artemis.core.server] (ServerService Thread Pool -- 84) AMQ221007: Server is now live
2021-05-14 13:59:51,927 INFO  [org.apache.activemq.artemis.core.server] (ServerService Thread Pool -- 84) AMQ221001: Apache ActiveMQ Artemis Message Broker version 2.10.1 [default, nodeID=e20c8276-b4ab-11eb-a64a-00155da0f8e2] 
2021-05-14 13:59:51,987 INFO  [org.wildfly.extension.messaging-activemq] (ServerService Thread Pool -- 87) WFLYMSGAMQ0002: Bound messaging object to jndi name java:/ConnectionFactory
2021-05-14 13:59:51,990 INFO  [org.wildfly.extension.messaging-activemq] (ServerService Thread Pool -- 85) WFLYMSGAMQ0002: Bound messaging object to jndi name java:jboss/exported/jms/RemoteConnectionFactory
2021-05-14 13:59:52,171 INFO  [org.jboss.as.connector.deployment] (MSC service thread 1-3) WFLYJCA0007: Registered connection factory java:/JmsXA
2021-05-14 13:59:52,318 INFO  [org.apache.activemq.artemis.ra] (MSC service thread 1-3) AMQ151007: Resource adaptor started
2021-05-14 13:59:52,319 INFO  [org.jboss.as.connector.services.resourceadapters.ResourceAdapterActivatorService$ResourceAdapterActivator] (MSC service thread 1-3) IJ020002: Deployed: file://RaActivatoractivemq-ra
2021-05-14 13:59:52,327 INFO  [org.jboss.as.connector.deployment] (MSC service thread 1-7) WFLYJCA0002: Bound JCA ConnectionFactory [java:/JmsXA]
2021-05-14 13:59:52,330 INFO  [org.jboss.as.connector.deployment] (MSC service thread 1-6) WFLYJCA0118: Binding connection factory named java:/JmsXA to alias java:jboss/DefaultJMSConnectionFactory
2021-05-14 13:59:57,099 INFO  [org.jboss.as.connector.deployers.RADeployer] (MSC service thread 1-8) IJ020001: Required license terms for file:/mnt/c/Users/silas/Documents/Studium/8.Semester/bsc_thesis/thesis/project/testprojects/wildfly-setup/wildfly-21.0.1.Final/standalone/tmp/vfs/temp/temp1159fb296a8a903a/content-73ec32eed71d5579/contents/
2021-05-14 13:59:57,192 WARN  [org.jboss.as.connector.deployers.RADeployer] (MSC service thread 1-8) IJ020017: Invalid archive: file:/mnt/c/Users/silas/Documents/Studium/8.Semester/bsc_thesis/thesis/project/testprojects/wildfly-setup/wildfly-21.0.1.Final/standalone/tmp/vfs/temp/temp1159fb296a8a903a/content-73ec32eed71d5579/contents/
2021-05-14 13:59:57,200 INFO  [org.jboss.as.connector.deployers.RaXmlDeployer] (MSC service thread 1-5) IJ020001: Required license terms for file:/mnt/c/Users/silas/Documents/Studium/8.Semester/bsc_thesis/thesis/project/testprojects/wildfly-setup/wildfly-21.0.1.Final/standalone/tmp/vfs/temp/temp1159fb296a8a903a/content-73ec32eed71d5579/contents/
2021-05-14 13:59:57,230 INFO  [org.jboss.as.connector.deployment] (MSC service thread 1-5) WFLYJCA0007: Registered connection factory java:/ActiveMQ/QueueConnectionFactory
2021-05-14 13:59:57,234 WARN  [org.jboss.as.connector.deployers.RaXmlDeployer] (MSC service thread 1-5) IJ020016: Missing <recovery> element. XA recovery disabled for: java:/ActiveMQ/QueueConnectionFactory
2021-05-14 13:59:57,243 INFO  [org.jboss.as.connector.deployment] (MSC service thread 1-5) WFLYJCA0006: Registered admin object at java:/queue/SupportTasksQueue
2021-05-14 13:59:57,261 INFO  [org.jboss.as.connector.deployment] (MSC service thread 1-5) WFLYJCA0006: Registered admin object at java:/queue/XMLPublishQueue
2021-05-14 13:59:57,263 WARN  [org.jboss.as.connector.deployers.RaXmlDeployer] (MSC service thread 1-5) IJ020017: Invalid archive: file:/mnt/c/Users/silas/Documents/Studium/8.Semester/bsc_thesis/thesis/project/testprojects/wildfly-setup/wildfly-21.0.1.Final/standalone/tmp/vfs/temp/temp1159fb296a8a903a/content-73ec32eed71d5579/contents/
2021-05-14 13:59:57,266 INFO  [org.jboss.as.connector.deployers.RaXmlDeployer] (MSC service thread 1-5) IJ020002: Deployed: file:/mnt/c/Users/silas/Documents/Studium/8.Semester/bsc_thesis/thesis/project/testprojects/wildfly-setup/wildfly-21.0.1.Final/standalone/tmp/vfs/temp/temp1159fb296a8a903a/content-73ec32eed71d5579/contents/
2021-05-14 13:59:57,272 INFO  [org.jboss.as.connector.deployment] (MSC service thread 1-6) WFLYJCA0002: Bound JCA ConnectionFactory [java:/ActiveMQ/QueueConnectionFactory]
2021-05-14 13:59:57,272 INFO  [org.jboss.as.connector.deployment] (MSC service thread 1-5) WFLYJCA0002: Bound JCA AdminObject [java:/queue/SupportTasksQueue]
2021-05-14 13:59:57,272 INFO  [org.jboss.as.connector.deployment] (MSC service thread 1-2) WFLYJCA0002: Bound JCA AdminObject [java:/queue/XMLPublishQueue]
2021-05-14 13:59:58,072 INFO  [org.infinispan.CONTAINER] (ServerService Thread Pool -- 85) ISPN000128: Infinispan version: Infinispan 'Corona Extra' 11.0.4.Final
2021-05-14 13:59:58,199 INFO  [org.infinispan.CONFIG] (MSC service thread 1-6) ISPN000152: Passivation configured without an eviction policy being selected. Only manually evicted entities will be passivated.
2021-05-14 13:59:58,203 INFO  [org.infinispan.CONFIG] (MSC service thread 1-6) ISPN000152: Passivation configured without an eviction policy being selected. Only manually evicted entities will be passivated.
2021-05-14 13:59:58,444 INFO  [org.infinispan.PERSISTENCE] (ServerService Thread Pool -- 85) ISPN000556: Starting user marshaller 'org.wildfly.clustering.infinispan.spi.marshalling.InfinispanProtoStreamMarshaller'
2021-05-14 13:59:58,963 INFO  [org.jboss.as.clustering.infinispan] (ServerService Thread Pool -- 85) WFLYCLINF0002: Started http-remoting-connector cache from ejb container
2021-05-14 13:59:59,276 INFO  [org.jboss.as.server] (ServerService Thread Pool -- 48) WFLYSRV0010: Deployed "activemq-rar-5.15.13.rar" (runtime-name : "activemq-rar-5.15.13.rar")
2021-05-14 13:59:59,445 INFO  [org.jboss.as.server] (Controller Boot Thread) WFLYSRV0212: Resuming server
2021-05-14 13:59:59,451 INFO  [org.jboss.as] (Controller Boot Thread) WFLYSRV0025: WildFly Full 21.0.1.Final (WildFly Core 13.0.3.Final) started in 23144ms - Started 471 of 696 services (393 services are lazy, passive or on-demand)
2021-05-14 13:59:59,460 INFO  [org.jboss.as] (Controller Boot Thread) WFLYSRV0060: Http management interface listening on http://127.0.0.1:9990/management
2021-05-14 13:59:59,461 INFO  [org.jboss.as] (Controller Boot Thread) WFLYSRV0051: Admin console listening on http://127.0.0.1:9990
2021-05-14 14:01:02,467 INFO  [org.jboss.as.server] (Thread-1) WFLYSRV0272: Suspending server
2021-05-14 14:01:02,472 INFO  [org.jboss.as.ejb3] (Thread-1) WFLYEJB0493: EJB subsystem suspension complete
2021-05-14 14:01:02,480 INFO  [org.jboss.as.server] (Thread-1) WFLYSRV0220: Server shutdown has been requested via an OS signal
2021-05-14 14:01:02,537 INFO  [org.jboss.as.connector.deployment] (MSC service thread 1-7) WFLYJCA0011: Unbound JCA AdminObject [java:/queue/SupportTasksQueue]
2021-05-14 14:01:02,538 INFO  [org.wildfly.extension.messaging-activemq] (ServerService Thread Pool -- 85) WFLYMSGAMQ0006: Unbound messaging object to jndi name java:jboss/exported/jms/RemoteConnectionFactory
2021-05-14 14:01:02,535 INFO  [org.jboss.as.connector.deployment] (MSC service thread 1-3) WFLYJCA0011: Unbound JCA AdminObject [java:/queue/XMLPublishQueue]
2021-05-14 14:01:02,539 INFO  [org.jboss.as.mail.extension] (MSC service thread 1-1) WFLYMAIL0002: Unbound mail session [java:jboss/mail/Default]
2021-05-14 14:01:02,544 INFO  [org.jboss.as.connector.deployment] (MSC service thread 1-7) WFLYJCA0011: Unbound JCA ConnectionFactory [java:/JmsXA]
2021-05-14 14:01:02,541 INFO  [org.jboss.as.connector.deployment] (MSC service thread 1-6) WFLYJCA0119: Unbinding connection factory named java:/JmsXA to alias java:jboss/DefaultJMSConnectionFactory
2021-05-14 14:01:02,548 INFO  [org.wildfly.extension.undertow] (MSC service thread 1-3) WFLYUT0019: Host default-host stopping
2021-05-14 14:01:02,550 INFO  [org.jboss.as.connector.subsystems.datasources] (MSC service thread 1-2) WFLYJCA0010: Unbound data source [java:jboss/datasources/ExampleDS]
2021-05-14 14:01:02,550 INFO  [org.jboss.as.connector.deployment] (MSC service thread 1-1) WFLYJCA0011: Unbound JCA ConnectionFactory [java:/ActiveMQ/QueueConnectionFactory]
2021-05-14 14:01:02,587 INFO  [org.jboss.as.connector.deployers.jdbc] (MSC service thread 1-3) WFLYJCA0019: Stopped Driver service with driver-name = h2
2021-05-14 14:01:02,610 INFO  [org.jboss.as.clustering.infinispan] (ServerService Thread Pool -- 91) WFLYCLINF0003: Stopped http-remoting-connector cache from ejb container
2021-05-14 14:01:02,622 INFO  [org.infinispan.manager.DefaultCacheManager] (ServerService Thread Pool -- 91) Stopping cache manager null on null
2021-05-14 14:01:02,670 INFO  [org.apache.activemq.artemis.ra] (ServerService Thread Pool -- 90) AMQ151003: resource adaptor stopped
2021-05-14 14:01:02,715 INFO  [org.wildfly.extension.undertow] (MSC service thread 1-1) WFLYUT0008: Undertow HTTPS listener https suspending
2021-05-14 14:01:02,719 INFO  [org.wildfly.extension.undertow] (MSC service thread 1-1) WFLYUT0007: Undertow HTTPS listener https stopped, was bound to 127.0.0.1:8443
2021-05-14 14:01:02,924 INFO  [org.apache.activemq.artemis.core.server] (ServerService Thread Pool -- 90) AMQ221002: Apache ActiveMQ Artemis Message Broker version 2.10.1 [e20c8276-b4ab-11eb-a64a-00155da0f8e2] stopped, uptime 1 minute
2021-05-14 14:01:02,927 INFO  [org.wildfly.extension.undertow] (MSC service thread 1-7) WFLYUT0008: Undertow HTTP listener default suspending
2021-05-14 14:01:02,929 INFO  [org.wildfly.extension.undertow] (MSC service thread 1-7) WFLYUT0007: Undertow HTTP listener default stopped, was bound to 127.0.0.1:8080
2021-05-14 14:01:02,933 INFO  [org.wildfly.extension.undertow] (MSC service thread 1-7) WFLYUT0004: Undertow 2.2.2.Final stopping
2021-05-14 14:01:03,398 INFO  [org.jboss.as.server.deployment] (MSC service thread 1-8) WFLYSRV0028: Stopped deployment activemq-rar-5.15.13.rar (runtime-name: activemq-rar-5.15.13.rar) in 890ms
2021-05-14 14:01:03,430 INFO  [org.jboss.as] (MSC service thread 1-5) WFLYSRV0050: WildFly Full 21.0.1.Final (WildFly Core 13.0.3.Final) stopped in 935ms
2021-05-14 14:06:51,827 INFO  [org.jboss.as.server.deployment.scanner] (MSC service thread 1-5) WFLYDS0013: Started FileSystemDeploymentService for directory C:\Users\silas\Documents\Studium\8.Semester\bsc_thesis\thesis\project\testprojects\wildfly-setup\wildfly-21.0.1.Final\standalone\deployments
2021-05-14 14:06:51,838 INFO  [org.jboss.as.server.deployment] (MSC service thread 1-3) WFLYSRV0027: Starting deployment of "activemq-rar-5.15.13.rar" (runtime-name: "activemq-rar-5.15.13.rar")
2021-05-14 14:06:52,087 INFO  [org.wildfly.extension.undertow] (MSC service thread 1-1) WFLYUT0006: Undertow HTTP listener default listening on 127.0.0.1:8080
2021-05-14 14:06:52,091 INFO  [org.wildfly.extension.undertow] (MSC service thread 1-8) WFLYUT0006: Undertow HTTPS listener https listening on 127.0.0.1:8443
2021-05-14 14:06:52,177 INFO  [org.jboss.as.ejb3] (MSC service thread 1-2) WFLYEJB0493: EJB subsystem suspension complete
2021-05-14 14:06:52,235 INFO  [org.jboss.ws.common.management] (MSC service thread 1-7) JBWS022052: Starting JBossWS 5.4.2.Final (Apache CXF 3.3.7) 
2021-05-14 14:06:52,290 INFO  [org.jboss.as.connector.subsystems.datasources] (MSC service thread 1-7) WFLYJCA0001: Bound data source [java:jboss/datasources/ExampleDS]
2021-05-14 14:06:54,954 INFO  [org.jboss.as.connector.deployers.RADeployer] (MSC service thread 1-6) IJ020001: Required license terms for file:/C:/Users/silas/Documents/Studium/8.Semester/bsc_thesis/thesis/project/testprojects/wildfly-setup/wildfly-21.0.1.Final/standalone/tmp/vfs/temp/temp2ce1cf6e0320ebcf/content-a08c4d51db3ebb30/contents/
2021-05-14 14:06:55,024 WARN  [org.jboss.as.connector.deployers.RADeployer] (MSC service thread 1-6) IJ020017: Invalid archive: file:/C:/Users/silas/Documents/Studium/8.Semester/bsc_thesis/thesis/project/testprojects/wildfly-setup/wildfly-21.0.1.Final/standalone/tmp/vfs/temp/temp2ce1cf6e0320ebcf/content-a08c4d51db3ebb30/contents/
2021-05-14 14:06:55,447 INFO  [org.infinispan.CONTAINER] (ServerService Thread Pool -- 78) ISPN000128: Infinispan version: Infinispan 'Corona Extra' 11.0.4.Final
2021-05-14 14:06:55,506 INFO  [org.infinispan.CONFIG] (MSC service thread 1-7) ISPN000152: Passivation configured without an eviction policy being selected. Only manually evicted entities will be passivated.
2021-05-14 14:06:55,508 INFO  [org.infinispan.CONFIG] (MSC service thread 1-7) ISPN000152: Passivation configured without an eviction policy being selected. Only manually evicted entities will be passivated.
2021-05-14 14:06:55,610 INFO  [org.infinispan.PERSISTENCE] (ServerService Thread Pool -- 78) ISPN000556: Starting user marshaller 'org.wildfly.clustering.infinispan.spi.marshalling.InfinispanProtoStreamMarshaller'
2021-05-14 14:06:55,906 INFO  [org.jboss.as.clustering.infinispan] (ServerService Thread Pool -- 78) WFLYCLINF0002: Started http-remoting-connector cache from ejb container
2021-05-14 14:06:56,115 INFO  [org.jboss.as.server] (ServerService Thread Pool -- 45) WFLYSRV0010: Deployed "activemq-rar-5.15.13.rar" (runtime-name : "activemq-rar-5.15.13.rar")
2021-05-14 14:06:56,235 INFO  [org.jboss.as.server] (Controller Boot Thread) WFLYSRV0212: Resuming server
2021-05-14 14:06:56,240 INFO  [org.jboss.as] (Controller Boot Thread) WFLYSRV0025: WildFly Full 21.0.1.Final (WildFly Core 13.0.3.Final) started in 9213ms - Started 403 of 628 services (373 services are lazy, passive or on-demand)
2021-05-14 14:06:56,244 INFO  [org.jboss.as] (Controller Boot Thread) WFLYSRV0060: Http management interface listening on http://127.0.0.1:9990/management
2021-05-14 14:06:56,245 INFO  [org.jboss.as] (Controller Boot Thread) WFLYSRV0051: Admin console listening on http://127.0.0.1:9990
2021-05-14 14:06:56,737 INFO  [org.jboss.as.server.deployment] (MSC service thread 1-7) WFLYSRV0027: Starting deployment of "mdb-project-1.0-SNAPSHOT.war" (runtime-name: "mdb-project-1.0-SNAPSHOT.war")
2021-05-14 14:06:56,772 ERROR [org.jboss.msc.service.fail] (MSC service thread 1-7) MSC000001: Failed to start service jboss.deployment.unit."mdb-project-1.0-SNAPSHOT.war".PARSE: org.jboss.msc.service.StartException in service jboss.deployment.unit."mdb-project-1.0-SNAPSHOT.war".PARSE: WFLYSRV0153: Failed to process phase PARSE of deployment "mdb-project-1.0-SNAPSHOT.war"
	at org.jboss.as.server@13.0.3.Final//org.jboss.as.server.deployment.DeploymentUnitPhaseService.start(DeploymentUnitPhaseService.java:189)
	at org.jboss.msc@1.4.12.Final//org.jboss.msc.service.ServiceControllerImpl$StartTask.startService(ServiceControllerImpl.java:1739)
	at org.jboss.msc@1.4.12.Final//org.jboss.msc.service.ServiceControllerImpl$StartTask.execute(ServiceControllerImpl.java:1701)
	at org.jboss.msc@1.4.12.Final//org.jboss.msc.service.ServiceControllerImpl$ControllerTask.run(ServiceControllerImpl.java:1559)
	at org.jboss.threads@2.4.0.Final//org.jboss.threads.ContextClassLoaderSavingRunnable.run(ContextClassLoaderSavingRunnable.java:35)
	at org.jboss.threads@2.4.0.Final//org.jboss.threads.EnhancedQueueExecutor.safeRun(EnhancedQueueExecutor.java:1990)
	at org.jboss.threads@2.4.0.Final//org.jboss.threads.EnhancedQueueExecutor$ThreadBody.doRunTask(EnhancedQueueExecutor.java:1486)
	at org.jboss.threads@2.4.0.Final//org.jboss.threads.EnhancedQueueExecutor$ThreadBody.run(EnhancedQueueExecutor.java:1377)
	at java.base/java.lang.Thread.run(Thread.java:830)
Caused by: org.jboss.msc.service.ServiceNotFoundException: service jboss.ejb.default-resource-adapter-name-service not found
	at org.jboss.msc@1.4.12.Final//org.jboss.msc.service.ServiceContainerImpl.getRequiredService(ServiceContainerImpl.java:663)
	at org.jboss.as.ejb3@21.0.1.Final//org.jboss.as.ejb3.deployment.processors.MessageDrivenComponentDescriptionFactory.getDefaultResourceAdapterName(MessageDrivenComponentDescriptionFactory.java:257)
	at org.jboss.as.ejb3@21.0.1.Final//org.jboss.as.ejb3.deployment.processors.MessageDrivenComponentDescriptionFactory.processMessageBeans(MessageDrivenComponentDescriptionFactory.java:156)
	at org.jboss.as.ejb3@21.0.1.Final//org.jboss.as.ejb3.deployment.processors.MessageDrivenComponentDescriptionFactory.processAnnotations(MessageDrivenComponentDescriptionFactory.java:83)
	at org.jboss.as.ejb3@21.0.1.Final//org.jboss.as.ejb3.deployment.processors.AnnotatedEJBComponentDescriptionDeploymentUnitProcessor.processAnnotations(AnnotatedEJBComponentDescriptionDeploymentUnitProcessor.java:150)
	at org.jboss.as.ejb3@21.0.1.Final//org.jboss.as.ejb3.deployment.processors.AnnotatedEJBComponentDescriptionDeploymentUnitProcessor.deploy(AnnotatedEJBComponentDescriptionDeploymentUnitProcessor.java:82)
	at org.jboss.as.server@13.0.3.Final//org.jboss.as.server.deployment.DeploymentUnitPhaseService.start(DeploymentUnitPhaseService.java:182)
	... 8 more

2021-05-14 14:06:56,776 ERROR [org.jboss.as.controller.management-operation] (management-handler-thread - 1) WFLYCTL0013: Operation ("deploy") failed - address: ([("deployment" => "mdb-project-1.0-SNAPSHOT.war")]) - failure description: {"WFLYCTL0080: Failed services" => {"jboss.deployment.unit.\"mdb-project-1.0-SNAPSHOT.war\".PARSE" => "WFLYSRV0153: Failed to process phase PARSE of deployment \"mdb-project-1.0-SNAPSHOT.war\"
    Caused by: org.jboss.msc.service.ServiceNotFoundException: service jboss.ejb.default-resource-adapter-name-service not found"}}
2021-05-14 14:06:56,779 ERROR [org.jboss.as.server] (management-handler-thread - 1) WFLYSRV0021: Deploy of deployment "mdb-project-1.0-SNAPSHOT.war" was rolled back with the following failure message: 
{"WFLYCTL0080: Failed services" => {"jboss.deployment.unit.\"mdb-project-1.0-SNAPSHOT.war\".PARSE" => "WFLYSRV0153: Failed to process phase PARSE of deployment \"mdb-project-1.0-SNAPSHOT.war\"
    Caused by: org.jboss.msc.service.ServiceNotFoundException: service jboss.ejb.default-resource-adapter-name-service not found"}}
2021-05-14 14:06:56,782 INFO  [org.jboss.as.server.deployment] (MSC service thread 1-4) WFLYSRV0028: Stopped deployment mdb-project-1.0-SNAPSHOT.war (runtime-name: mdb-project-1.0-SNAPSHOT.war) in 3ms
