2021-05-13 16:37:30,286 INFO  [org.jboss.modules] (main) JBoss Modules version 1.11.0.Final
2021-05-13 16:37:31,280 INFO  [org.jboss.msc] (main) JBoss MSC version 1.4.12.Final
2021-05-13 16:37:31,288 INFO  [org.jboss.threads] (main) JBoss Threads version 2.4.0.Final
2021-05-13 16:37:31,423 INFO  [org.jboss.as] (MSC service thread 1-2) WFLYSRV0049: WildFly Full 23.0.2.Final (WildFly Core 15.0.1.Final) starting
2021-05-13 16:37:31,426 DEBUG [org.jboss.as.config] (MSC service thread 1-2) Configured system properties:
	file.encoding = Cp1252
	file.separator = \
	java.awt.headless = true
	java.class.path = C:\Users\silas\Documents\Studium\8.Semester\bsc_thesis\thesis\project\testprojects\wildfly-setup\wildfly-23.0.2.Final\jboss-modules.jar
	java.class.version = 57.0
	java.home = C:\Program Files\AdoptOpenJDK\jdk-13.0.2.8-hotspot
	java.io.tmpdir = C:\Users\silas\AppData\Local\Temp\
	java.library.path = C:\Program Files\AdoptOpenJDK\jdk-13.0.2.8-hotspot\bin;C:\WINDOWS\Sun\Java\bin;C:\WINDOWS\system32;C:\WINDOWS;C:\Program Files (x86)\NVIDIA Corporation\PhysX\Common;C:\Program Files\AdoptOpenJDK\jdk-13.0.2.8-hotspot\bin;C:\Program Files (x86)\Intel\Intel(R) Management Engine Components\iCLS\;C:\Program Files\Intel\Intel(R) Management Engine Components\iCLS\;C:\Program Files (x86)\Common Files\Oracle\Java\javapath;C:\WINDOWS\system32;C:\WINDOWS;C:\WINDOWS\System32\Wbem;C:\WINDOWS\System32\WindowsPowerShell\v1.0\;C:\WINDOWS\System32\OpenSSH\;C:\Program Files\Git\cmd;C:\Program Files\TortoiseSVN\bin;C:\Program Files (x86)\Intel\Intel(R) Management Engine Components\DAL;C:\Program Files\Intel\Intel(R) Management Engine Components\DAL;C:\Program Files\PuTTY\;C:\Program Files\nodejs\;C:\Program Files\Intel\WiFi\bin\;C:\Program Files\Common Files\Intel\WirelessCommon\;C:\Users\silas\Documents\flutter\flutter\bin\;;C:\Program Files\Kubernetes\Minikube;;C:\Program Files\Docker\Docker\resources\bin;C:\ProgramData\DockerDesktop\version-bin;C:\Users\silas\AppData\Local\Microsoft\WindowsApps;C:\Users\silas\AppData\Local\Programs\MiKTeX 2.9\miktex\bin\x64\;C:\Users\silas\AppData\Roaming\npm;C:\Users\silas\AppData\Local\Programs\Microsoft VS Code\bin;C:\Users\silas\AppData\Local\GitHubDesktop\bin;%USERPROFILE%\AppData\Local\Microsoft\WindowsApps;;.
	java.net.preferIPv4Stack = true
	java.runtime.name = OpenJDK Runtime Environment
	java.runtime.version = 13.0.2+8
	java.specification.name = Java Platform API Specification
	java.specification.vendor = Oracle Corporation
	java.specification.version = 13
	java.util.logging.manager = org.jboss.logmanager.LogManager
	java.vendor = AdoptOpenJDK
	java.vendor.url = https://adoptopenjdk.net/
	java.vendor.url.bug = https://github.com/AdoptOpenJDK/openjdk-support/issues
	java.vendor.version = AdoptOpenJDK
	java.version = 13.0.2
	java.version.date = 2020-01-14
	java.vm.info = mixed mode
	java.vm.name = OpenJDK 64-Bit Client VM
	java.vm.specification.name = Java Virtual Machine Specification
	java.vm.specification.vendor = Oracle Corporation
	java.vm.specification.version = 13
	java.vm.vendor = AdoptOpenJDK
	java.vm.version = 13.0.2+8
	javax.management.builder.initial = org.jboss.as.jmx.PluggableMBeanServerBuilder
	jboss.home.dir = C:\Users\silas\Documents\Studium\8.Semester\bsc_thesis\thesis\project\testprojects\wildfly-setup\wildfly-23.0.2.Final
	jboss.host.name = laptop-f5n4u7fa
	jboss.modules.dir = C:\Users\silas\Documents\Studium\8.Semester\bsc_thesis\thesis\project\testprojects\wildfly-setup\wildfly-23.0.2.Final\modules
	jboss.modules.system.pkgs = org.jboss.byteman
	jboss.node.name = laptop-f5n4u7fa
	jboss.qualified.host.name = laptop-f5n4u7fa
	jboss.server.base.dir = C:\Users\silas\Documents\Studium\8.Semester\bsc_thesis\thesis\project\testprojects\wildfly-setup\wildfly-23.0.2.Final\standalone
	jboss.server.config.dir = C:\Users\silas\Documents\Studium\8.Semester\bsc_thesis\thesis\project\testprojects\wildfly-setup\wildfly-23.0.2.Final\standalone\configuration
	jboss.server.data.dir = C:\Users\silas\Documents\Studium\8.Semester\bsc_thesis\thesis\project\testprojects\wildfly-setup\wildfly-23.0.2.Final\standalone\data
	jboss.server.deploy.dir = C:\Users\silas\Documents\Studium\8.Semester\bsc_thesis\thesis\project\testprojects\wildfly-setup\wildfly-23.0.2.Final\standalone\data\content
	jboss.server.log.dir = C:\Users\silas\Documents\Studium\8.Semester\bsc_thesis\thesis\project\testprojects\wildfly-setup\wildfly-23.0.2.Final\standalone\log
	jboss.server.name = laptop-f5n4u7fa
	jboss.server.persist.config = true
	jboss.server.temp.dir = C:\Users\silas\Documents\Studium\8.Semester\bsc_thesis\thesis\project\testprojects\wildfly-setup\wildfly-23.0.2.Final\standalone\tmp
	jdk.debug = release
	line.separator = 

	logging.configuration = file:C:\Users\silas\Documents\Studium\8.Semester\bsc_thesis\thesis\project\testprojects\wildfly-setup\wildfly-23.0.2.Final\standalone\configuration/logging.properties
	module.path = C:\Users\silas\Documents\Studium\8.Semester\bsc_thesis\thesis\project\testprojects\wildfly-setup\wildfly-23.0.2.Final\modules
	org.jboss.boot.log.file = C:\Users\silas\Documents\Studium\8.Semester\bsc_thesis\thesis\project\testprojects\wildfly-setup\wildfly-23.0.2.Final\standalone\log\server.log
	org.jboss.resolver.warning = true
	os.arch = amd64
	os.name = Windows 10
	os.version = 10.0
	path.separator = ;
	program.name = standalone.bat
	sun.arch.data.model = 64
	sun.boot.library.path = C:\Program Files\AdoptOpenJDK\jdk-13.0.2.8-hotspot\bin
	sun.cpu.endian = little
	sun.cpu.isalist = amd64
	sun.io.unicode.encoding = UnicodeLittle
	sun.java.command = C:\Users\silas\Documents\Studium\8.Semester\bsc_thesis\thesis\project\testprojects\wildfly-setup\wildfly-23.0.2.Final\jboss-modules.jar -mp C:\Users\silas\Documents\Studium\8.Semester\bsc_thesis\thesis\project\testprojects\wildfly-setup\wildfly-23.0.2.Final\modules org.jboss.as.standalone -Djboss.home.dir=C:\Users\silas\Documents\Studium\8.Semester\bsc_thesis\thesis\project\testprojects\wildfly-setup\wildfly-23.0.2.Final
	sun.java.launcher = SUN_STANDARD
	sun.jnu.encoding = Cp1252
	sun.management.compiler = HotSpot 64-Bit Client Compiler
	sun.os.patch.level = 
	sun.stderr.encoding = cp850
	sun.stdout.encoding = cp850
	user.country = DE
	user.dir = C:\Users\silas\Documents\Studium\8.Semester\bsc_thesis\thesis\project\testprojects\wildfly-setup\wildfly-23.0.2.Final\bin
	user.home = C:\Users\silas
	user.language = de
	user.name = silas
	user.script = 
	user.timezone = Europe/Berlin
	user.variant = 
2021-05-13 16:37:31,428 DEBUG [org.jboss.as.config] (MSC service thread 1-2) VM Arguments: -Dprogram.name=standalone.bat -Xms64M -Xmx512M -XX:MetaspaceSize=96M -XX:MaxMetaspaceSize=256m -Djava.net.preferIPv4Stack=true -Djboss.modules.system.pkgs=org.jboss.byteman -Djava.awt.headless=true --add-exports=java.base/sun.nio.ch=ALL-UNNAMED --add-exports=jdk.unsupported/sun.misc=ALL-UNNAMED --add-exports=jdk.unsupported/sun.reflect=ALL-UNNAMED -Dorg.jboss.boot.log.file=C:\Users\silas\Documents\Studium\8.Semester\bsc_thesis\thesis\project\testprojects\wildfly-setup\wildfly-23.0.2.Final\standalone\log\server.log -Dlogging.configuration=file:C:\Users\silas\Documents\Studium\8.Semester\bsc_thesis\thesis\project\testprojects\wildfly-setup\wildfly-23.0.2.Final\standalone\configuration/logging.properties 
2021-05-13 16:37:32,246 INFO  [org.wildfly.security] (ServerService Thread Pool -- 28) ELY00001: WildFly Elytron version 1.15.3.Final
2021-05-13 16:37:32,542 INFO  [org.jboss.as.controller.management-deprecated] (ServerService Thread Pool -- 10) WFLYCTL0033: Extension 'security' is deprecated and may not be supported in future versions
2021-05-13 16:37:32,761 INFO  [org.jboss.as.controller.management-deprecated] (Controller Boot Thread) WFLYCTL0028: Attribute 'security-realm' in the resource at address '/core-service=management/management-interface=http-interface' is deprecated, and may be removed in a future version. See the attribute description in the output of the read-resource-description operation to learn more about the deprecation.
2021-05-13 16:37:32,788 INFO  [org.jboss.as.controller.management-deprecated] (ServerService Thread Pool -- 13) WFLYCTL0028: Attribute 'security-realm' in the resource at address '/subsystem=undertow/server=default-server/https-listener=https' is deprecated, and may be removed in a future version. See the attribute description in the output of the read-resource-description operation to learn more about the deprecation.
2021-05-13 16:37:32,844 INFO  [org.jboss.as.server] (Controller Boot Thread) WFLYSRV0039: Creating http management service using socket-binding (management-http)
2021-05-13 16:37:32,864 INFO  [org.xnio] (MSC service thread 1-6) XNIO version 3.8.4.Final
2021-05-13 16:37:32,872 INFO  [org.xnio.nio] (MSC service thread 1-6) XNIO NIO Implementation Version 3.8.4.Final
2021-05-13 16:37:32,905 INFO  [org.wildfly.extension.microprofile.config.smallrye._private] (ServerService Thread Pool -- 63) WFLYCONF0001: Activating WildFly MicroProfile Config Subsystem
2021-05-13 16:37:32,916 INFO  [org.jboss.as.naming] (ServerService Thread Pool -- 66) WFLYNAM0001: Activating Naming Subsystem
2021-05-13 16:37:32,917 INFO  [org.wildfly.extension.metrics] (ServerService Thread Pool -- 62) WFLYMETRICS0001: Activating Base Metrics Subsystem
2021-05-13 16:37:32,912 WARN  [org.jboss.as.txn] (ServerService Thread Pool -- 74) WFLYTX0013: The node-identifier attribute on the /subsystem=transactions is set to the default value. This is a danger for environments running multiple servers. Please make sure the attribute value is unique.
2021-05-13 16:37:32,927 INFO  [org.jboss.as.clustering.infinispan] (ServerService Thread Pool -- 53) WFLYCLINF0001: Activating Infinispan subsystem.
2021-05-13 16:37:32,930 INFO  [org.wildfly.extension.microprofile.opentracing] (ServerService Thread Pool -- 65) WFLYTRACEXT0001: Activating MicroProfile OpenTracing Subsystem
2021-05-13 16:37:32,928 INFO  [org.jboss.as.security] (ServerService Thread Pool -- 72) WFLYSEC0002: Activating Security Subsystem
2021-05-13 16:37:32,933 INFO  [org.wildfly.extension.microprofile.jwt.smallrye._private] (ServerService Thread Pool -- 64) WFLYJWT0001: Activating WildFly MicroProfile JWT Subsystem
2021-05-13 16:37:32,939 INFO  [org.jboss.as.webservices] (ServerService Thread Pool -- 76) WFLYWS0002: Activating WebServices Extension
2021-05-13 16:37:33,021 INFO  [org.jboss.as.security] (MSC service thread 1-4) WFLYSEC0001: Current PicketBox version=5.0.3.Final-redhat-00007
2021-05-13 16:37:33,029 INFO  [org.wildfly.extension.health] (ServerService Thread Pool -- 52) WFLYHEALTH0001: Activating Base Health Subsystem
2021-05-13 16:37:33,041 INFO  [org.jboss.as.jaxrs] (ServerService Thread Pool -- 55) WFLYRS0016: RESTEasy version 3.15.1.Final
2021-05-13 16:37:33,056 INFO  [org.jboss.as.connector.subsystems.datasources] (ServerService Thread Pool -- 44) WFLYJCA0004: Deploying JDBC-compliant driver class org.h2.Driver (version 1.4)
2021-05-13 16:37:32,935 INFO  [org.jboss.as.jsf] (ServerService Thread Pool -- 60) WFLYJSF0007: Activated the following Jakarta Server Faces Implementations: [main]
2021-05-13 16:37:33,071 INFO  [org.wildfly.extension.undertow] (MSC service thread 1-1) WFLYUT0003: Undertow 2.2.5.Final starting
2021-05-13 16:37:33,071 INFO  [org.wildfly.extension.io] (ServerService Thread Pool -- 54) WFLYIO001: Worker 'default' has auto-configured to 16 IO threads with 128 max task threads based on your 8 available processors
2021-05-13 16:37:33,136 INFO  [org.jboss.as.connector] (MSC service thread 1-6) WFLYJCA0009: Starting Jakarta Connectors Subsystem (WildFly/IronJacamar 1.4.27.Final)
2021-05-13 16:37:33,188 INFO  [org.jboss.as.connector.deployers.jdbc] (MSC service thread 1-6) WFLYJCA0018: Started Driver service with driver-name = h2
2021-05-13 16:37:33,190 INFO  [org.jboss.as.naming] (MSC service thread 1-6) WFLYNAM0003: Starting Naming Service
2021-05-13 16:37:33,200 INFO  [org.jboss.remoting] (MSC service thread 1-8) JBoss Remoting version 5.0.20.Final
2021-05-13 16:37:33,211 INFO  [org.jboss.as.mail.extension] (MSC service thread 1-1) WFLYMAIL0001: Bound mail session [java:jboss/mail/Default]
2021-05-13 16:37:33,186 INFO  [org.wildfly.extension.undertow] (ServerService Thread Pool -- 75) WFLYUT0014: Creating file handler for path 'C:\Users\silas\Documents\Studium\8.Semester\bsc_thesis\thesis\project\testprojects\wildfly-setup\wildfly-23.0.2.Final/welcome-content' with options [directory-listing: 'false', follow-symlink: 'false', case-sensitive: 'true', safe-symlink-paths: '[]']
2021-05-13 16:37:33,233 WARN  [org.wildfly.extension.elytron] (MSC service thread 1-3) WFLYELY00023: KeyStore file 'C:\Users\silas\Documents\Studium\8.Semester\bsc_thesis\thesis\project\testprojects\wildfly-setup\wildfly-23.0.2.Final\standalone\configuration\application.keystore' does not exist. Used blank.
2021-05-13 16:37:33,286 INFO  [org.jboss.as.ejb3] (MSC service thread 1-8) WFLYEJB0482: Strict pool mdb-strict-max-pool is using a max instance size of 32 (per class), which is derived from the number of CPUs on this host.
2021-05-13 16:37:33,286 INFO  [org.jboss.as.ejb3] (MSC service thread 1-1) WFLYEJB0481: Strict pool slsb-strict-max-pool is using a max instance size of 128 (per class), which is derived from thread worker pool sizing.
2021-05-13 16:37:33,310 WARN  [org.wildfly.extension.elytron] (MSC service thread 1-1) WFLYELY01084: KeyStore C:\Users\silas\Documents\Studium\8.Semester\bsc_thesis\thesis\project\testprojects\wildfly-setup\wildfly-23.0.2.Final\standalone\configuration\application.keystore not found, it will be auto generated on first use with a self-signed certificate for host localhost
2021-05-13 16:37:33,319 INFO  [org.wildfly.extension.undertow] (MSC service thread 1-8) WFLYUT0012: Started server default-server.
2021-05-13 16:37:33,323 INFO  [org.wildfly.extension.undertow] (MSC service thread 1-1) Queuing requests.
2021-05-13 16:37:33,326 INFO  [org.wildfly.extension.undertow] (MSC service thread 1-1) WFLYUT0018: Host default-host starting
2021-05-13 16:37:33,702 INFO  [org.jboss.as.patching] (MSC service thread 1-3) WFLYPAT0050: WildFly Full cumulative patch ID is: base, one-off patches include: none
2021-05-13 16:37:33,713 WARN  [org.jboss.as.domain.management.security] (MSC service thread 1-4) WFLYDM0111: Keystore C:\Users\silas\Documents\Studium\8.Semester\bsc_thesis\thesis\project\testprojects\wildfly-setup\wildfly-23.0.2.Final\standalone\configuration\application.keystore not found, it will be auto generated on first use with a self signed certificate for host localhost
2021-05-13 16:37:33,724 INFO  [org.jboss.as.server.deployment.scanner] (MSC service thread 1-3) WFLYDS0013: Started FileSystemDeploymentService for directory C:\Users\silas\Documents\Studium\8.Semester\bsc_thesis\thesis\project\testprojects\wildfly-setup\wildfly-23.0.2.Final\standalone\deployments
2021-05-13 16:37:33,906 INFO  [org.wildfly.extension.undertow] (MSC service thread 1-1) WFLYUT0006: Undertow HTTP listener default listening on 127.0.0.1:8080
2021-05-13 16:37:33,913 INFO  [org.wildfly.extension.undertow] (MSC service thread 1-6) WFLYUT0006: Undertow HTTPS listener https listening on 127.0.0.1:8443
2021-05-13 16:37:33,983 INFO  [org.jboss.as.ejb3] (MSC service thread 1-8) WFLYEJB0493: Jakarta Enterprise Beans subsystem suspension complete
2021-05-13 16:37:34,001 INFO  [org.jboss.as.connector.deployers.RADeployer] (MSC service thread 1-7) IJ020001: Required license terms for file:/C:/Users/silas/Documents/Studium/8.Semester/bsc_thesis/thesis/project/testprojects/wildfly-setup/wildfly-23.0.2.Final/modules/system/layers/base/org/apache/activemq/main/
2021-05-13 16:37:34,026 INFO  [org.jboss.ws.common.management] (MSC service thread 1-4) JBWS022052: Starting JBossWS 5.4.3.Final (Apache CXF 3.3.10) 
2021-05-13 16:37:34,058 INFO  [org.jboss.as.connector.subsystems.datasources] (MSC service thread 1-8) WFLYJCA0001: Bound data source [java:jboss/datasources/ExampleDS]
2021-05-13 16:37:34,063 WARN  [org.jboss.as.connector.deployers.RADeployer] (MSC service thread 1-7) IJ020017: Invalid archive: activemq-rar.rar
2021-05-13 16:37:34,063 WARN  [org.jboss.as.connector.deployers.RADeployer] (MSC service thread 1-7) Severity: WARNING
Section: 20.7
Description: Invalid config-property-type for AdminObject.
Code: Class: org.apache.activemq.pool.XaPooledConnectionFactory Property: tmFromJndi Type: boolean

2021-05-13 16:37:34,066 INFO  [org.jboss.as.connector.deployers.RaXmlDeployer] (MSC service thread 1-8) IJ020001: Required license terms for file:/C:/Users/silas/Documents/Studium/8.Semester/bsc_thesis/thesis/project/testprojects/wildfly-setup/wildfly-23.0.2.Final/modules/system/layers/base/org/apache/activemq/main/
2021-05-13 16:37:34,080 INFO  [org.jboss.as.connector.deployment] (MSC service thread 1-8) WFLYJCA0007: Registered connection factory java:/ConnectionFactory
2021-05-13 16:37:34,084 INFO  [org.jboss.as.connector.deployment] (MSC service thread 1-8) WFLYJCA0006: Registered admin object at java:/queue/test-queue
2021-05-13 16:37:34,088 WARN  [org.jboss.as.connector.deployers.RaXmlDeployer] (MSC service thread 1-8) IJ020017: Invalid archive: activemq-rar.rar
2021-05-13 16:37:34,088 WARN  [org.jboss.as.connector.deployers.RaXmlDeployer] (MSC service thread 1-8) Severity: WARNING
Section: 20.7
Description: Invalid config-property-type for AdminObject.
Code: Class: org.apache.activemq.pool.XaPooledConnectionFactory Property: tmFromJndi Type: boolean

2021-05-13 16:37:34,089 INFO  [org.jboss.as.connector.deployers.RaXmlDeployer] (MSC service thread 1-8) IJ020002: Deployed: file:/C:/Users/silas/Documents/Studium/8.Semester/bsc_thesis/thesis/project/testprojects/wildfly-setup/wildfly-23.0.2.Final/modules/system/layers/base/org/apache/activemq/main/
2021-05-13 16:37:34,091 INFO  [org.jboss.as.connector.deployment] (MSC service thread 1-7) WFLYJCA0002: Bound Jakarta Connectors ConnectionFactory [java:/ConnectionFactory]
2021-05-13 16:37:34,093 INFO  [org.jboss.as.connector.deployment] (MSC service thread 1-2) WFLYJCA0002: Bound Jakarta Connectors AdminObject [java:/queue/test-queue]
2021-05-13 16:37:34,183 INFO  [org.jboss.as.server] (Controller Boot Thread) WFLYSRV0212: Resuming server
2021-05-13 16:37:34,186 INFO  [org.jboss.as] (Controller Boot Thread) WFLYSRV0025: WildFly Full 23.0.2.Final (WildFly Core 15.0.1.Final) started in 4315ms - Started 338 of 577 services (347 services are lazy, passive or on-demand)
2021-05-13 16:37:34,188 INFO  [org.jboss.as] (Controller Boot Thread) WFLYSRV0060: Http management interface listening on http://127.0.0.1:9990/management
2021-05-13 16:37:34,188 INFO  [org.jboss.as] (Controller Boot Thread) WFLYSRV0051: Admin console listening on http://127.0.0.1:9990
2021-05-13 16:38:58,528 INFO  [org.jboss.as.server] (Thread-1) WFLYSRV0272: Suspending server
2021-05-13 16:38:58,530 INFO  [org.jboss.as.ejb3] (Thread-1) WFLYEJB0493: Jakarta Enterprise Beans subsystem suspension complete
2021-05-13 16:38:58,532 INFO  [org.jboss.as.server] (Thread-1) WFLYSRV0220: Server shutdown has been requested via an OS signal
2021-05-13 16:38:58,540 INFO  [org.jboss.as.connector.deployment] (MSC service thread 1-3) WFLYJCA0011: Unbound Jakarta Connectors AdminObject [java:/queue/test-queue]
2021-05-13 16:38:58,540 INFO  [org.jboss.as.connector.deployment] (MSC service thread 1-8) WFLYJCA0011: Unbound Jakarta Connectors ConnectionFactory [java:/ConnectionFactory]
2021-05-13 16:38:58,541 INFO  [org.jboss.as.connector.subsystems.datasources] (MSC service thread 1-2) WFLYJCA0010: Unbound data source [java:jboss/datasources/ExampleDS]
2021-05-13 16:38:58,542 INFO  [org.jboss.as.mail.extension] (MSC service thread 1-4) WFLYMAIL0002: Unbound mail session [java:jboss/mail/Default]
2021-05-13 16:38:58,544 INFO  [org.wildfly.extension.undertow] (MSC service thread 1-6) WFLYUT0019: Host default-host stopping
2021-05-13 16:38:58,548 INFO  [org.wildfly.extension.undertow] (MSC service thread 1-1) WFLYUT0008: Undertow HTTP listener default suspending
2021-05-13 16:38:58,547 INFO  [org.wildfly.extension.undertow] (MSC service thread 1-4) WFLYUT0008: Undertow HTTPS listener https suspending
2021-05-13 16:38:58,549 INFO  [org.jboss.as.connector.deployers.jdbc] (MSC service thread 1-7) WFLYJCA0019: Stopped Driver service with driver-name = h2
2021-05-13 16:38:58,553 INFO  [org.wildfly.extension.undertow] (MSC service thread 1-4) WFLYUT0007: Undertow HTTPS listener https stopped, was bound to 127.0.0.1:8443
2021-05-13 16:38:58,553 INFO  [org.wildfly.extension.undertow] (MSC service thread 1-1) WFLYUT0007: Undertow HTTP listener default stopped, was bound to 127.0.0.1:8080
2021-05-13 16:38:58,555 INFO  [org.wildfly.extension.undertow] (MSC service thread 1-7) WFLYUT0004: Undertow 2.2.5.Final stopping
2021-05-13 16:38:58,568 INFO  [org.jboss.as] (MSC service thread 1-5) WFLYSRV0050: WildFly Full 23.0.2.Final (WildFly Core 15.0.1.Final) stopped in 33ms
2021-05-13 16:43:10,774 INFO  [org.jboss.modules] (main) JBoss Modules version 1.11.0.Final
2021-05-13 16:43:11,248 INFO  [org.jboss.msc] (main) JBoss MSC version 1.4.12.Final
2021-05-13 16:43:11,257 INFO  [org.jboss.threads] (main) JBoss Threads version 2.4.0.Final
2021-05-13 16:43:11,375 INFO  [org.jboss.as] (MSC service thread 1-2) WFLYSRV0049: WildFly Full 23.0.2.Final (WildFly Core 15.0.1.Final) starting
2021-05-13 16:43:11,378 DEBUG [org.jboss.as.config] (MSC service thread 1-2) Configured system properties:
	file.encoding = Cp1252
	file.separator = \
	java.awt.headless = true
	java.class.path = C:\Users\silas\Documents\Studium\8.Semester\bsc_thesis\thesis\project\testprojects\wildfly-setup\wildfly-23.0.2.Final\jboss-modules.jar
	java.class.version = 57.0
	java.home = C:\Program Files\AdoptOpenJDK\jdk-13.0.2.8-hotspot
	java.io.tmpdir = C:\Users\silas\AppData\Local\Temp\
	java.library.path = C:\Program Files\AdoptOpenJDK\jdk-13.0.2.8-hotspot\bin;C:\WINDOWS\Sun\Java\bin;C:\WINDOWS\system32;C:\WINDOWS;C:\Program Files (x86)\NVIDIA Corporation\PhysX\Common;C:\Program Files\AdoptOpenJDK\jdk-13.0.2.8-hotspot\bin;C:\Program Files (x86)\Intel\Intel(R) Management Engine Components\iCLS\;C:\Program Files\Intel\Intel(R) Management Engine Components\iCLS\;C:\Program Files (x86)\Common Files\Oracle\Java\javapath;C:\WINDOWS\system32;C:\WINDOWS;C:\WINDOWS\System32\Wbem;C:\WINDOWS\System32\WindowsPowerShell\v1.0\;C:\WINDOWS\System32\OpenSSH\;C:\Program Files\Git\cmd;C:\Program Files\TortoiseSVN\bin;C:\Program Files (x86)\Intel\Intel(R) Management Engine Components\DAL;C:\Program Files\Intel\Intel(R) Management Engine Components\DAL;C:\Program Files\PuTTY\;C:\Program Files\nodejs\;C:\Program Files\Intel\WiFi\bin\;C:\Program Files\Common Files\Intel\WirelessCommon\;C:\Users\silas\Documents\flutter\flutter\bin\;;C:\Program Files\Kubernetes\Minikube;;C:\Program Files\Docker\Docker\resources\bin;C:\ProgramData\DockerDesktop\version-bin;C:\Users\silas\AppData\Local\Microsoft\WindowsApps;C:\Users\silas\AppData\Local\Programs\MiKTeX 2.9\miktex\bin\x64\;C:\Users\silas\AppData\Roaming\npm;C:\Users\silas\AppData\Local\Programs\Microsoft VS Code\bin;C:\Users\silas\AppData\Local\GitHubDesktop\bin;%USERPROFILE%\AppData\Local\Microsoft\WindowsApps;;.
	java.net.preferIPv4Stack = true
	java.runtime.name = OpenJDK Runtime Environment
	java.runtime.version = 13.0.2+8
	java.specification.name = Java Platform API Specification
	java.specification.vendor = Oracle Corporation
	java.specification.version = 13
	java.util.logging.manager = org.jboss.logmanager.LogManager
	java.vendor = AdoptOpenJDK
	java.vendor.url = https://adoptopenjdk.net/
	java.vendor.url.bug = https://github.com/AdoptOpenJDK/openjdk-support/issues
	java.vendor.version = AdoptOpenJDK
	java.version = 13.0.2
	java.version.date = 2020-01-14
	java.vm.info = mixed mode
	java.vm.name = OpenJDK 64-Bit Client VM
	java.vm.specification.name = Java Virtual Machine Specification
	java.vm.specification.vendor = Oracle Corporation
	java.vm.specification.version = 13
	java.vm.vendor = AdoptOpenJDK
	java.vm.version = 13.0.2+8
	javax.management.builder.initial = org.jboss.as.jmx.PluggableMBeanServerBuilder
	jboss.home.dir = C:\Users\silas\Documents\Studium\8.Semester\bsc_thesis\thesis\project\testprojects\wildfly-setup\wildfly-23.0.2.Final
	jboss.host.name = laptop-f5n4u7fa
	jboss.modules.dir = C:\Users\silas\Documents\Studium\8.Semester\bsc_thesis\thesis\project\testprojects\wildfly-setup\wildfly-23.0.2.Final\modules
	jboss.modules.system.pkgs = org.jboss.byteman
	jboss.node.name = laptop-f5n4u7fa
	jboss.qualified.host.name = laptop-f5n4u7fa
	jboss.server.base.dir = C:\Users\silas\Documents\Studium\8.Semester\bsc_thesis\thesis\project\testprojects\wildfly-setup\wildfly-23.0.2.Final\standalone
	jboss.server.config.dir = C:\Users\silas\Documents\Studium\8.Semester\bsc_thesis\thesis\project\testprojects\wildfly-setup\wildfly-23.0.2.Final\standalone\configuration
	jboss.server.data.dir = C:\Users\silas\Documents\Studium\8.Semester\bsc_thesis\thesis\project\testprojects\wildfly-setup\wildfly-23.0.2.Final\standalone\data
	jboss.server.deploy.dir = C:\Users\silas\Documents\Studium\8.Semester\bsc_thesis\thesis\project\testprojects\wildfly-setup\wildfly-23.0.2.Final\standalone\data\content
	jboss.server.log.dir = C:\Users\silas\Documents\Studium\8.Semester\bsc_thesis\thesis\project\testprojects\wildfly-setup\wildfly-23.0.2.Final\standalone\log
	jboss.server.name = laptop-f5n4u7fa
	jboss.server.persist.config = true
	jboss.server.temp.dir = C:\Users\silas\Documents\Studium\8.Semester\bsc_thesis\thesis\project\testprojects\wildfly-setup\wildfly-23.0.2.Final\standalone\tmp
	jdk.debug = release
	line.separator = 

	logging.configuration = file:C:\Users\silas\Documents\Studium\8.Semester\bsc_thesis\thesis\project\testprojects\wildfly-setup\wildfly-23.0.2.Final\standalone\configuration/logging.properties
	module.path = C:\Users\silas\Documents\Studium\8.Semester\bsc_thesis\thesis\project\testprojects\wildfly-setup\wildfly-23.0.2.Final\modules
	org.jboss.boot.log.file = C:\Users\silas\Documents\Studium\8.Semester\bsc_thesis\thesis\project\testprojects\wildfly-setup\wildfly-23.0.2.Final\standalone\log\server.log
	org.jboss.resolver.warning = true
	os.arch = amd64
	os.name = Windows 10
	os.version = 10.0
	path.separator = ;
	program.name = standalone.bat
	sun.arch.data.model = 64
	sun.boot.library.path = C:\Program Files\AdoptOpenJDK\jdk-13.0.2.8-hotspot\bin
	sun.cpu.endian = little
	sun.cpu.isalist = amd64
	sun.io.unicode.encoding = UnicodeLittle
	sun.java.command = C:\Users\silas\Documents\Studium\8.Semester\bsc_thesis\thesis\project\testprojects\wildfly-setup\wildfly-23.0.2.Final\jboss-modules.jar -mp C:\Users\silas\Documents\Studium\8.Semester\bsc_thesis\thesis\project\testprojects\wildfly-setup\wildfly-23.0.2.Final\modules org.jboss.as.standalone -Djboss.home.dir=C:\Users\silas\Documents\Studium\8.Semester\bsc_thesis\thesis\project\testprojects\wildfly-setup\wildfly-23.0.2.Final
	sun.java.launcher = SUN_STANDARD
	sun.jnu.encoding = Cp1252
	sun.management.compiler = HotSpot 64-Bit Client Compiler
	sun.os.patch.level = 
	sun.stderr.encoding = cp850
	sun.stdout.encoding = cp850
	user.country = DE
	user.dir = C:\Users\silas\Documents\Studium\8.Semester\bsc_thesis\thesis\project\testprojects\wildfly-setup\wildfly-23.0.2.Final\bin
	user.home = C:\Users\silas
	user.language = de
	user.name = silas
	user.script = 
	user.timezone = Europe/Berlin
	user.variant = 
2021-05-13 16:43:11,381 DEBUG [org.jboss.as.config] (MSC service thread 1-2) VM Arguments: -Dprogram.name=standalone.bat -Xms64M -Xmx512M -XX:MetaspaceSize=96M -XX:MaxMetaspaceSize=256m -Djava.net.preferIPv4Stack=true -Djboss.modules.system.pkgs=org.jboss.byteman -Djava.awt.headless=true --add-exports=java.base/sun.nio.ch=ALL-UNNAMED --add-exports=jdk.unsupported/sun.misc=ALL-UNNAMED --add-exports=jdk.unsupported/sun.reflect=ALL-UNNAMED -Dorg.jboss.boot.log.file=C:\Users\silas\Documents\Studium\8.Semester\bsc_thesis\thesis\project\testprojects\wildfly-setup\wildfly-23.0.2.Final\standalone\log\server.log -Dlogging.configuration=file:C:\Users\silas\Documents\Studium\8.Semester\bsc_thesis\thesis\project\testprojects\wildfly-setup\wildfly-23.0.2.Final\standalone\configuration/logging.properties 
2021-05-13 16:43:12,251 INFO  [org.wildfly.security] (ServerService Thread Pool -- 28) ELY00001: WildFly Elytron version 1.15.3.Final
2021-05-13 16:43:12,546 INFO  [org.jboss.as.controller.management-deprecated] (ServerService Thread Pool -- 13) WFLYCTL0033: Extension 'security' is deprecated and may not be supported in future versions
2021-05-13 16:43:12,755 INFO  [org.jboss.as.controller.management-deprecated] (Controller Boot Thread) WFLYCTL0028: Attribute 'security-realm' in the resource at address '/core-service=management/management-interface=http-interface' is deprecated, and may be removed in a future version. See the attribute description in the output of the read-resource-description operation to learn more about the deprecation.
2021-05-13 16:43:12,776 INFO  [org.jboss.as.controller.management-deprecated] (ServerService Thread Pool -- 11) WFLYCTL0028: Attribute 'security-realm' in the resource at address '/subsystem=undertow/server=default-server/https-listener=https' is deprecated, and may be removed in a future version. See the attribute description in the output of the read-resource-description operation to learn more about the deprecation.
2021-05-13 16:43:12,840 INFO  [org.jboss.as.server] (Controller Boot Thread) WFLYSRV0039: Creating http management service using socket-binding (management-http)
2021-05-13 16:43:12,855 INFO  [org.xnio] (MSC service thread 1-4) XNIO version 3.8.4.Final
2021-05-13 16:43:12,861 INFO  [org.xnio.nio] (MSC service thread 1-4) XNIO NIO Implementation Version 3.8.4.Final
2021-05-13 16:43:12,890 INFO  [org.jboss.as.clustering.infinispan] (ServerService Thread Pool -- 53) WFLYCLINF0001: Activating Infinispan subsystem.
2021-05-13 16:43:12,972 INFO  [org.jboss.as.naming] (ServerService Thread Pool -- 66) WFLYNAM0001: Activating Naming Subsystem
2021-05-13 16:43:12,974 INFO  [org.wildfly.extension.microprofile.jwt.smallrye._private] (ServerService Thread Pool -- 64) WFLYJWT0001: Activating WildFly MicroProfile JWT Subsystem
2021-05-13 16:43:12,975 WARN  [org.jboss.as.txn] (ServerService Thread Pool -- 74) WFLYTX0013: The node-identifier attribute on the /subsystem=transactions is set to the default value. This is a danger for environments running multiple servers. Please make sure the attribute value is unique.
2021-05-13 16:43:12,983 INFO  [org.jboss.as.security] (ServerService Thread Pool -- 72) WFLYSEC0002: Activating Security Subsystem
2021-05-13 16:43:12,983 INFO  [org.wildfly.extension.metrics] (ServerService Thread Pool -- 62) WFLYMETRICS0001: Activating Base Metrics Subsystem
2021-05-13 16:43:12,990 INFO  [org.jboss.as.webservices] (ServerService Thread Pool -- 76) WFLYWS0002: Activating WebServices Extension
2021-05-13 16:43:12,993 INFO  [org.wildfly.extension.microprofile.config.smallrye._private] (ServerService Thread Pool -- 63) WFLYCONF0001: Activating WildFly MicroProfile Config Subsystem
2021-05-13 16:43:12,996 INFO  [org.jboss.as.jsf] (ServerService Thread Pool -- 60) WFLYJSF0007: Activated the following Jakarta Server Faces Implementations: [main]
2021-05-13 16:43:13,001 INFO  [org.wildfly.extension.microprofile.opentracing] (ServerService Thread Pool -- 65) WFLYTRACEXT0001: Activating MicroProfile OpenTracing Subsystem
2021-05-13 16:43:13,019 INFO  [org.jboss.as.connector] (MSC service thread 1-5) WFLYJCA0009: Starting Jakarta Connectors Subsystem (WildFly/IronJacamar 1.4.27.Final)
2021-05-13 16:43:13,026 INFO  [org.jboss.as.security] (MSC service thread 1-7) WFLYSEC0001: Current PicketBox version=5.0.3.Final-redhat-00007
2021-05-13 16:43:13,036 INFO  [org.wildfly.extension.health] (ServerService Thread Pool -- 52) WFLYHEALTH0001: Activating Base Health Subsystem
2021-05-13 16:43:13,053 INFO  [org.wildfly.extension.undertow] (MSC service thread 1-1) WFLYUT0003: Undertow 2.2.5.Final starting
2021-05-13 16:43:13,062 INFO  [org.jboss.as.connector.subsystems.datasources] (ServerService Thread Pool -- 44) WFLYJCA0004: Deploying JDBC-compliant driver class org.h2.Driver (version 1.4)
2021-05-13 16:43:13,084 INFO  [org.jboss.as.jaxrs] (ServerService Thread Pool -- 55) WFLYRS0016: RESTEasy version 3.15.1.Final
2021-05-13 16:43:13,117 INFO  [org.jboss.as.connector.deployers.jdbc] (MSC service thread 1-3) WFLYJCA0018: Started Driver service with driver-name = h2
2021-05-13 16:43:13,124 INFO  [org.jboss.as.naming] (MSC service thread 1-3) WFLYNAM0003: Starting Naming Service
2021-05-13 16:43:13,139 INFO  [org.jboss.as.mail.extension] (MSC service thread 1-1) WFLYMAIL0001: Bound mail session [java:jboss/mail/Default]
2021-05-13 16:43:13,206 WARN  [org.wildfly.extension.elytron] (MSC service thread 1-3) WFLYELY00023: KeyStore file 'C:\Users\silas\Documents\Studium\8.Semester\bsc_thesis\thesis\project\testprojects\wildfly-setup\wildfly-23.0.2.Final\standalone\configuration\application.keystore' does not exist. Used blank.
2021-05-13 16:43:13,238 WARN  [org.wildfly.extension.elytron] (MSC service thread 1-3) WFLYELY01084: KeyStore C:\Users\silas\Documents\Studium\8.Semester\bsc_thesis\thesis\project\testprojects\wildfly-setup\wildfly-23.0.2.Final\standalone\configuration\application.keystore not found, it will be auto generated on first use with a self-signed certificate for host localhost
2021-05-13 16:43:13,252 INFO  [org.wildfly.extension.undertow] (ServerService Thread Pool -- 75) WFLYUT0014: Creating file handler for path 'C:\Users\silas\Documents\Studium\8.Semester\bsc_thesis\thesis\project\testprojects\wildfly-setup\wildfly-23.0.2.Final/welcome-content' with options [directory-listing: 'false', follow-symlink: 'false', case-sensitive: 'true', safe-symlink-paths: '[]']
2021-05-13 16:43:13,905 INFO  [org.wildfly.extension.io] (ServerService Thread Pool -- 54) WFLYIO001: Worker 'default' has auto-configured to 16 IO threads with 128 max task threads based on your 8 available processors
2021-05-13 16:43:13,909 INFO  [org.jboss.as.ejb3] (MSC service thread 1-1) WFLYEJB0482: Strict pool mdb-strict-max-pool is using a max instance size of 32 (per class), which is derived from the number of CPUs on this host.
2021-05-13 16:43:13,909 INFO  [org.jboss.as.ejb3] (MSC service thread 1-5) WFLYEJB0481: Strict pool slsb-strict-max-pool is using a max instance size of 128 (per class), which is derived from thread worker pool sizing.
2021-05-13 16:43:13,941 INFO  [org.jboss.as.patching] (MSC service thread 1-3) WFLYPAT0050: WildFly Full cumulative patch ID is: base, one-off patches include: none
2021-05-13 16:43:13,956 INFO  [org.jboss.remoting] (MSC service thread 1-1) JBoss Remoting version 5.0.20.Final
2021-05-13 16:43:13,962 WARN  [org.jboss.as.domain.management.security] (MSC service thread 1-5) WFLYDM0111: Keystore C:\Users\silas\Documents\Studium\8.Semester\bsc_thesis\thesis\project\testprojects\wildfly-setup\wildfly-23.0.2.Final\standalone\configuration\application.keystore not found, it will be auto generated on first use with a self signed certificate for host localhost
2021-05-13 16:43:13,970 INFO  [org.jboss.as.server.deployment.scanner] (MSC service thread 1-3) WFLYDS0013: Started FileSystemDeploymentService for directory C:\Users\silas\Documents\Studium\8.Semester\bsc_thesis\thesis\project\testprojects\wildfly-setup\wildfly-23.0.2.Final\standalone\deployments
2021-05-13 16:43:14,004 INFO  [org.wildfly.extension.undertow] (MSC service thread 1-2) WFLYUT0012: Started server default-server.
2021-05-13 16:43:14,007 INFO  [org.wildfly.extension.undertow] (MSC service thread 1-4) Queuing requests.
2021-05-13 16:43:14,009 INFO  [org.wildfly.extension.undertow] (MSC service thread 1-4) WFLYUT0018: Host default-host starting
2021-05-13 16:43:14,053 INFO  [org.wildfly.extension.undertow] (MSC service thread 1-7) WFLYUT0006: Undertow HTTP listener default listening on 127.0.0.1:8080
2021-05-13 16:43:14,060 INFO  [org.wildfly.extension.undertow] (MSC service thread 1-1) WFLYUT0006: Undertow HTTPS listener https listening on 127.0.0.1:8443
2021-05-13 16:43:14,085 INFO  [org.jboss.as.ejb3] (MSC service thread 1-5) WFLYEJB0493: Jakarta Enterprise Beans subsystem suspension complete
2021-05-13 16:43:14,126 INFO  [org.jboss.as.connector.deployers.RADeployer] (MSC service thread 1-5) IJ020001: Required license terms for file:/C:/Users/silas/Documents/Studium/8.Semester/bsc_thesis/thesis/project/testprojects/wildfly-setup/wildfly-23.0.2.Final/modules/system/layers/base/org/apache/activemq/main/
2021-05-13 16:43:14,195 INFO  [org.jboss.as.connector.subsystems.datasources] (MSC service thread 1-8) WFLYJCA0001: Bound data source [java:jboss/datasources/ExampleDS]
2021-05-13 16:43:14,210 WARN  [org.jboss.as.connector.deployers.RADeployer] (MSC service thread 1-5) IJ020017: Invalid archive: activemq-rar.rar
2021-05-13 16:43:14,212 WARN  [org.jboss.as.connector.deployers.RADeployer] (MSC service thread 1-5) Severity: WARNING
Section: 20.7
Description: Invalid config-property-type for AdminObject.
Code: Class: org.apache.activemq.pool.XaPooledConnectionFactory Property: tmFromJndi Type: boolean

2021-05-13 16:43:14,214 INFO  [org.jboss.as.connector.deployers.RaXmlDeployer] (MSC service thread 1-8) IJ020001: Required license terms for file:/C:/Users/silas/Documents/Studium/8.Semester/bsc_thesis/thesis/project/testprojects/wildfly-setup/wildfly-23.0.2.Final/modules/system/layers/base/org/apache/activemq/main/
2021-05-13 16:43:14,221 INFO  [org.jboss.ws.common.management] (MSC service thread 1-3) JBWS022052: Starting JBossWS 5.4.3.Final (Apache CXF 3.3.10) 
2021-05-13 16:43:14,232 INFO  [org.jboss.as.connector.deployment] (MSC service thread 1-8) WFLYJCA0007: Registered connection factory java:/ConnectionFactory
2021-05-13 16:43:14,234 INFO  [org.jboss.as.connector.deployment] (MSC service thread 1-8) WFLYJCA0006: Registered admin object at java:/queue/test-queue
2021-05-13 16:43:14,237 WARN  [org.jboss.as.connector.deployers.RaXmlDeployer] (MSC service thread 1-8) IJ020017: Invalid archive: activemq-rar.rar
2021-05-13 16:43:14,238 WARN  [org.jboss.as.connector.deployers.RaXmlDeployer] (MSC service thread 1-8) Severity: WARNING
Section: 20.7
Description: Invalid config-property-type for AdminObject.
Code: Class: org.apache.activemq.pool.XaPooledConnectionFactory Property: tmFromJndi Type: boolean

2021-05-13 16:43:14,239 INFO  [org.jboss.as.connector.deployers.RaXmlDeployer] (MSC service thread 1-8) IJ020002: Deployed: file:/C:/Users/silas/Documents/Studium/8.Semester/bsc_thesis/thesis/project/testprojects/wildfly-setup/wildfly-23.0.2.Final/modules/system/layers/base/org/apache/activemq/main/
2021-05-13 16:43:14,242 INFO  [org.jboss.as.connector.deployment] (MSC service thread 1-7) WFLYJCA0002: Bound Jakarta Connectors ConnectionFactory [java:/ConnectionFactory]
2021-05-13 16:43:14,241 INFO  [org.jboss.as.connector.deployment] (MSC service thread 1-5) WFLYJCA0002: Bound Jakarta Connectors AdminObject [java:/queue/test-queue]
2021-05-13 16:43:14,318 INFO  [org.jboss.as.server] (Controller Boot Thread) WFLYSRV0212: Resuming server
2021-05-13 16:43:14,321 INFO  [org.jboss.as] (Controller Boot Thread) WFLYSRV0025: WildFly Full 23.0.2.Final (WildFly Core 15.0.1.Final) started in 4010ms - Started 338 of 577 services (347 services are lazy, passive or on-demand)
2021-05-13 16:43:14,324 INFO  [org.jboss.as] (Controller Boot Thread) WFLYSRV0060: Http management interface listening on http://127.0.0.1:9990/management
2021-05-13 16:43:14,325 INFO  [org.jboss.as] (Controller Boot Thread) WFLYSRV0051: Admin console listening on http://127.0.0.1:9990
2021-05-13 16:46:12,577 INFO  [org.jboss.as.server] (Thread-1) WFLYSRV0272: Suspending server
2021-05-13 16:46:12,579 INFO  [org.jboss.as.ejb3] (Thread-1) WFLYEJB0493: Jakarta Enterprise Beans subsystem suspension complete
2021-05-13 16:46:12,581 INFO  [org.jboss.as.server] (Thread-1) WFLYSRV0220: Server shutdown has been requested via an OS signal
2021-05-13 16:46:12,588 INFO  [org.jboss.as.connector.deployment] (MSC service thread 1-2) WFLYJCA0011: Unbound Jakarta Connectors AdminObject [java:/queue/test-queue]
2021-05-13 16:46:12,589 INFO  [org.jboss.as.connector.deployment] (MSC service thread 1-7) WFLYJCA0011: Unbound Jakarta Connectors ConnectionFactory [java:/ConnectionFactory]
2021-05-13 16:46:12,589 INFO  [org.jboss.as.connector.subsystems.datasources] (MSC service thread 1-1) WFLYJCA0010: Unbound data source [java:jboss/datasources/ExampleDS]
2021-05-13 16:46:12,591 INFO  [org.jboss.as.mail.extension] (MSC service thread 1-3) WFLYMAIL0002: Unbound mail session [java:jboss/mail/Default]
2021-05-13 16:46:12,592 INFO  [org.wildfly.extension.undertow] (MSC service thread 1-2) WFLYUT0019: Host default-host stopping
2021-05-13 16:46:12,594 INFO  [org.wildfly.extension.undertow] (MSC service thread 1-7) WFLYUT0008: Undertow HTTPS listener https suspending
2021-05-13 16:46:12,595 INFO  [org.wildfly.extension.undertow] (MSC service thread 1-4) WFLYUT0008: Undertow HTTP listener default suspending
2021-05-13 16:46:12,596 INFO  [org.jboss.as.connector.deployers.jdbc] (MSC service thread 1-3) WFLYJCA0019: Stopped Driver service with driver-name = h2
2021-05-13 16:46:12,598 INFO  [org.wildfly.extension.undertow] (MSC service thread 1-7) WFLYUT0007: Undertow HTTPS listener https stopped, was bound to 127.0.0.1:8443
2021-05-13 16:46:12,599 INFO  [org.wildfly.extension.undertow] (MSC service thread 1-4) WFLYUT0007: Undertow HTTP listener default stopped, was bound to 127.0.0.1:8080
2021-05-13 16:46:12,601 INFO  [org.wildfly.extension.undertow] (MSC service thread 1-6) WFLYUT0004: Undertow 2.2.5.Final stopping
2021-05-13 16:46:12,612 INFO  [org.jboss.as] (MSC service thread 1-8) WFLYSRV0050: WildFly Full 23.0.2.Final (WildFly Core 15.0.1.Final) stopped in 30ms
